<?xml version="1.0" encoding="UTF-8"?>
<testsuite name="banking.TransferCommandProcessorTest" tests="4" skipped="0" failures="0" errors="0" timestamp="2024-06-10T01:09:42" hostname="LAPTOP-54A7EMVE" time="0.001">
  <properties/>
  <testcase name="valid_transfer_between_savings_accounts()" classname="banking.TransferCommandProcessorTest" time="0.0"/>
  <testcase name="valid_transfer_between_savings_and_checking_accounts()" classname="banking.TransferCommandProcessorTest" time="0.001"/>
  <testcase name="valid_multiple_transfer_between_savings_and_checking_accounts()" classname="banking.TransferCommandProcessorTest" time="0.0"/>
  <testcase name="valid_transfer_between_checking_accounts()" classname="banking.TransferCommandProcessorTest" time="0.0"/>
  <system-out><![CDATA[]]></system-out>
  <system-err><![CDATA[]]></system-err>
</testsuite>
