<?xml version="1.0" encoding="UTF-8"?>
<testsuite name="banking.SavingsTest" tests="4" skipped="0" failures="0" errors="0" timestamp="2024-06-10T01:09:42" hostname="LAPTOP-54A7EMVE" time="0.001">
  <properties/>
  <testcase name="create_savings_account_with_empty_balance()" classname="banking.SavingsTest" time="0.001"/>
  <testcase name="get_account_type_returns_withdraw()" classname="banking.SavingsTest" time="0.0"/>
  <testcase name="get_can_withdraw_is_true()" classname="banking.SavingsTest" time="0.0"/>
  <testcase name="withdraw_account_starts_with_0_months()" classname="banking.SavingsTest" time="0.0"/>
  <system-out><![CDATA[]]></system-out>
  <system-err><![CDATA[]]></system-err>
</testsuite>
